2017-10-25 15:49:59 [ ERROR ] [ ContextLoader.java :350(initWebApplicationContext)] Context initialization failed
org.springframework.beans.factory.UnsatisfiedDependencyException: Error creating bean with name 'bugController': Unsatisfied dependency expressed through field 'bugService'; nested exception is org.springframework.beans.factory.BeanCreationException: Error creating bean with name 'bugServiceImpl': FactoryBean threw exception on object creation; nested exception is java.lang.IllegalStateException: Failed to check the status of the service com.zx.mes.hyl.upms.service.BugServiceI. No provider available for the service com.zx.mes.hyl.upms.service.BugServiceI from the url zookeeper://127.0.0.1:2181/com.alibaba.dubbo.registry.RegistryService?application=mes-upms-consumer&default.timeout=5000&dubbo=2.5.5&interface=com.zx.mes.hyl.upms.service.BugServiceI&methods=add,edit,get,delete,dataGrid&pid=8068&revision=1.0-SNAPSHOT&side=consumer&timestamp=1508917798313 to the consumer 10.30.90.68 use dubbo version 2.5.5
	at org.springframework.beans.factory.annotation.AutowiredAnnotationBeanPostProcessor$AutowiredFieldElement.inject(AutowiredAnnotationBeanPostProcessor.java:588)
	at org.springframework.beans.factory.annotation.InjectionMetadata.inject(InjectionMetadata.java:88)
	at org.springframework.beans.factory.annotation.AutowiredAnnotationBeanPostProcessor.postProcessPropertyValues(AutowiredAnnotationBeanPostProcessor.java:366)
	at org.springframework.beans.factory.support.AbstractAutowireCapableBeanFactory.populateBean(AbstractAutowireCapableBeanFactory.java:1264)
	at org.springframework.beans.factory.support.AbstractAutowireCapableBeanFactory.doCreateBean(AbstractAutowireCapableBeanFactory.java:553)
	at org.springframework.beans.factory.support.AbstractAutowireCapableBeanFactory.createBean(AbstractAutowireCapableBeanFactory.java:483)
	at org.springframework.beans.factory.support.AbstractBeanFactory$1.getObject(AbstractBeanFactory.java:306)
	at org.springframework.beans.factory.support.DefaultSingletonBeanRegistry.getSingleton(DefaultSingletonBeanRegistry.java:230)
	at org.springframework.beans.factory.support.AbstractBeanFactory.doGetBean(AbstractBeanFactory.java:302)
	at org.springframework.beans.factory.support.AbstractBeanFactory.getBean(AbstractBeanFactory.java:197)
	at org.springframework.beans.factory.support.DefaultListableBeanFactory.preInstantiateSingletons(DefaultListableBeanFactory.java:761)
	at org.springframework.context.support.AbstractApplicationContext.finishBeanFactoryInitialization(AbstractApplicationContext.java:867)
	at org.springframework.context.support.AbstractApplicationContext.refresh(AbstractApplicationContext.java:543)
	at org.springframework.web.context.ContextLoader.configureAndRefreshWebApplicationContext(ContextLoader.java:443)
	at org.springframework.web.context.ContextLoader.initWebApplicationContext(ContextLoader.java:325)
	at org.springframework.web.context.ContextLoaderListener.contextInitialized(ContextLoaderListener.java:107)
	at org.apache.catalina.core.StandardContext.listenerStart(StandardContext.java:4939)
	at org.apache.catalina.core.StandardContext.startInternal(StandardContext.java:5434)
	at org.apache.catalina.util.LifecycleBase.start(LifecycleBase.java:150)
	at org.apache.catalina.core.ContainerBase$StartChild.call(ContainerBase.java:1559)
	at org.apache.catalina.core.ContainerBase$StartChild.call(ContainerBase.java:1549)
	at java.util.concurrent.FutureTask.run(FutureTask.java:266)
	at java.util.concurrent.ThreadPoolExecutor.runWorker(ThreadPoolExecutor.java:1149)
	at java.util.concurrent.ThreadPoolExecutor$Worker.run(ThreadPoolExecutor.java:624)
	at java.lang.Thread.run(Thread.java:748)
Caused by: org.springframework.beans.factory.BeanCreationException: Error creating bean with name 'bugServiceImpl': FactoryBean threw exception on object creation; nested exception is java.lang.IllegalStateException: Failed to check the status of the service com.zx.mes.hyl.upms.service.BugServiceI. No provider available for the service com.zx.mes.hyl.upms.service.BugServiceI from the url zookeeper://127.0.0.1:2181/com.alibaba.dubbo.registry.RegistryService?application=mes-upms-consumer&default.timeout=5000&dubbo=2.5.5&interface=com.zx.mes.hyl.upms.service.BugServiceI&methods=add,edit,get,delete,dataGrid&pid=8068&revision=1.0-SNAPSHOT&side=consumer&timestamp=1508917798313 to the consumer 10.30.90.68 use dubbo version 2.5.5
	at org.springframework.beans.factory.support.FactoryBeanRegistrySupport.doGetObjectFromFactoryBean(FactoryBeanRegistrySupport.java:175)
	at org.springframework.beans.factory.support.FactoryBeanRegistrySupport.getObjectFromFactoryBean(FactoryBeanRegistrySupport.java:103)
	at org.springframework.beans.factory.support.AbstractBeanFactory.getObjectForBeanInstance(AbstractBeanFactory.java:1634)
	at org.springframework.beans.factory.support.AbstractBeanFactory.doGetBean(AbstractBeanFactory.java:254)
	at org.springframework.beans.factory.support.AbstractBeanFactory.getBean(AbstractBeanFactory.java:202)
	at org.springframework.beans.factory.config.DependencyDescriptor.resolveCandidate(DependencyDescriptor.java:208)
	at org.springframework.beans.factory.support.DefaultListableBeanFactory.addCandidateEntry(DefaultListableBeanFactory.java:1316)
	at org.springframework.beans.factory.support.DefaultListableBeanFactory.findAutowireCandidates(DefaultListableBeanFactory.java:1282)
	at org.springframework.beans.factory.support.DefaultListableBeanFactory.doResolveDependency(DefaultListableBeanFactory.java:1101)
	at org.springframework.beans.factory.support.DefaultListableBeanFactory.resolveDependency(DefaultListableBeanFactory.java:1066)
	at org.springframework.beans.factory.annotation.AutowiredAnnotationBeanPostProcessor$AutowiredFieldElement.inject(AutowiredAnnotationBeanPostProcessor.java:585)
	... 24 more
Caused by: java.lang.IllegalStateException: Failed to check the status of the service com.zx.mes.hyl.upms.service.BugServiceI. No provider available for the service com.zx.mes.hyl.upms.service.BugServiceI from the url zookeeper://127.0.0.1:2181/com.alibaba.dubbo.registry.RegistryService?application=mes-upms-consumer&default.timeout=5000&dubbo=2.5.5&interface=com.zx.mes.hyl.upms.service.BugServiceI&methods=add,edit,get,delete,dataGrid&pid=8068&revision=1.0-SNAPSHOT&side=consumer&timestamp=1508917798313 to the consumer 10.30.90.68 use dubbo version 2.5.5
	at com.alibaba.dubbo.config.ReferenceConfig.createProxy(ReferenceConfig.java:407)
	at com.alibaba.dubbo.config.ReferenceConfig.init(ReferenceConfig.java:320)
	at com.alibaba.dubbo.config.ReferenceConfig.get(ReferenceConfig.java:159)
	at com.alibaba.dubbo.config.spring.ReferenceBean.getObject(ReferenceBean.java:65)
	at org.springframework.beans.factory.support.FactoryBeanRegistrySupport.doGetObjectFromFactoryBean(FactoryBeanRegistrySupport.java:168)
	... 34 more
